<?xml version="1.0" encoding="UTF-8"?>
<testng-results ignored="0" total="4" passed="4" failed="0" skipped="0">
  <reporter-output>
  </reporter-output>
  <suite started-at="2023-09-14T11:03:47 IST" name="Default suite" finished-at="2023-09-14T11:03:47 IST" duration-ms="58">
    <groups>
    </groups>
    <test started-at="2023-09-14T11:03:47 IST" name="Default test" finished-at="2023-09-14T11:03:47 IST" duration-ms="58">
      <class name="additionalAnnotations.DataProviderConcept">
        <test-method signature="loginTest(java.lang.String,java.lang.String,java.lang.String)[pri:0, instance:additionalAnnotations.DataProviderConcept@3de8f619]" started-at="2023-09-14T11:03:47 IST" name="loginTest" data-provider="testData" finished-at="2023-09-14T11:03:47 IST" duration-ms="6" status="PASS">
          <params>
            <param index="0">
              <value>
                <![CDATA[Username1]]>
              </value>
            </param>
            <param index="1">
              <value>
                <![CDATA[Password1]]>
              </value>
            </param>
            <param index="2">
              <value>
                <![CDATA[1234]]>
              </value>
            </param>
          </params>
          <reporter-output>
          </reporter-output>
        </test-method> <!-- loginTest -->
        <test-method signature="loginTest(java.lang.String,java.lang.String,java.lang.String)[pri:0, instance:additionalAnnotations.DataProviderConcept@3de8f619]" started-at="2023-09-14T11:03:47 IST" name="loginTest" data-provider="testData" finished-at="2023-09-14T11:03:47 IST" duration-ms="1" status="PASS">
          <params>
            <param index="0">
              <value>
                <![CDATA[Username2]]>
              </value>
            </param>
            <param index="1">
              <value>
                <![CDATA[Password2]]>
              </value>
            </param>
            <param index="2">
              <value>
                <![CDATA[2345]]>
              </value>
            </param>
          </params>
          <reporter-output>
          </reporter-output>
        </test-method> <!-- loginTest -->
        <test-method signature="loginTest(java.lang.String,java.lang.String,java.lang.String)[pri:0, instance:additionalAnnotations.DataProviderConcept@3de8f619]" started-at="2023-09-14T11:03:47 IST" name="loginTest" data-provider="testData" finished-at="2023-09-14T11:03:47 IST" duration-ms="1" status="PASS">
          <params>
            <param index="0">
              <value>
                <![CDATA[Username4]]>
              </value>
            </param>
            <param index="1">
              <value>
                <![CDATA[Password4]]>
              </value>
            </param>
            <param index="2">
              <value>
                <![CDATA[4567]]>
              </value>
            </param>
          </params>
          <reporter-output>
          </reporter-output>
        </test-method> <!-- loginTest -->
        <test-method signature="loginTest(java.lang.String,java.lang.String,java.lang.String)[pri:0, instance:additionalAnnotations.DataProviderConcept@3de8f619]" started-at="2023-09-14T11:03:47 IST" name="loginTest" data-provider="testData" finished-at="2023-09-14T11:03:47 IST" duration-ms="1" status="PASS">
          <params>
            <param index="0">
              <value is-null="true"/>
            </param>
            <param index="1">
              <value is-null="true"/>
            </param>
            <param index="2">
              <value is-null="true"/>
            </param>
          </params>
          <reporter-output>
          </reporter-output>
        </test-method> <!-- loginTest -->
      </class> <!-- additionalAnnotations.DataProviderConcept -->
    </test> <!-- Default test -->
  </suite> <!-- Default suite -->
</testng-results>
