<?xml version="1.0" encoding="UTF-8"?>
<!-- Generated by org.testng.reporters.JUnitXMLReporter -->
<testsuite ignored="0" hostname="DESKTOP-LCFNQTV" failures="2" tests="4" name="EOD Validation Module" time="0.023" errors="0" timestamp="2023-08-29T03:25:10 IST">
  <testcase classname="eodValidation.Testing" name="test1" time="0.001"/>
  <testcase classname="eodValidation.Testing" name="test2" time="0.003">
    <failure type="java.lang.ArithmeticException" message="/ by zero">
      <![CDATA[java.lang.ArithmeticException: / by zero
at eodValidation.Testing.test2(Testing.java:63)
at java.base/java.util.ArrayList.forEach(ArrayList.java:1511)
... Removed 27 stack frames]]>
    </failure>
  </testcase> <!-- test2 -->
  <testcase classname="eodValidation.Testing2" name="test1" time="0.001"/>
  <testcase classname="eodValidation.Testing2" name="test2" time="0.0">
    <failure type="java.lang.ArithmeticException" message="/ by zero">
      <![CDATA[java.lang.ArithmeticException: / by zero
at eodValidation.Testing2.test2(Testing2.java:45)
at java.base/java.util.ArrayList.forEach(ArrayList.java:1511)
... Removed 27 stack frames]]>
    </failure>
  </testcase> <!-- test2 -->
</testsuite> <!-- EOD Validation Module -->
