<?xml version="1.0" encoding="UTF-8"?>
<!-- Generated by org.testng.reporters.JUnitXMLReporter -->
<testsuite ignored="0" hostname="DESKTOP-LCFNQTV" failures="2" tests="4" name="Payment Test Cases" time="0.113" errors="0" timestamp="2023-08-29T01:51:37 IST">
  <testcase classname="payment.Testing" name="test1" time="0.01"/>
  <testcase classname="payment.Testing" name="test2" time="0.003">
    <failure type="java.lang.ArithmeticException" message="/ by zero">
      <![CDATA[java.lang.ArithmeticException: / by zero
at payment.Testing.test2(Testing.java:74)
at java.base/java.util.ArrayList.forEach(ArrayList.java:1511)
... Removed 27 stack frames]]>
    </failure>
  </testcase> <!-- test2 -->
  <testcase classname="payment.Testing2" name="test1" time="0.003"/>
  <testcase classname="payment.Testing2" name="test2" time="0.003">
    <failure type="java.lang.ArithmeticException" message="/ by zero">
      <![CDATA[java.lang.ArithmeticException: / by zero
at payment.Testing2.test2(Testing2.java:45)
at java.base/java.util.ArrayList.forEach(ArrayList.java:1511)
... Removed 27 stack frames]]>
    </failure>
  </testcase> <!-- test2 -->
</testsuite> <!-- Payment Test Cases -->
