<?xml version="1.0" encoding="UTF-8"?>
<!-- Generated by org.testng.reporters.JUnitXMLReporter -->
<testsuite ignored="2" hostname="DESKTOP-LCFNQTV" failures="1" tests="3" name="Payment Module" time="0.087" errors="0" timestamp="2023-08-31T11:00:48 IST">
  <testcase classname="payment.Testing" name="test1" time="0.009"/>
  <testcase classname="payment.Testing2" name="test1" time="0.001"/>
  <testcase classname="payment.Testing2" name="test2" time="0.003">
    <failure type="java.lang.ArithmeticException" message="/ by zero">
      <![CDATA[java.lang.ArithmeticException: / by zero
at payment.Testing2.test2(Testing2.java:45)
at java.base/java.util.ArrayList.forEach(ArrayList.java:1511)
... Removed 27 stack frames]]>
    </failure>
  </testcase> <!-- test2 -->
  <testcase classname="payment.Testing" name="test2" time="0.0">
    <ignored/>
  </testcase> <!-- test2 -->
  <testcase classname="payment.Testing" name="test3" time="0.0">
    <ignored/>
  </testcase> <!-- test3 -->
</testsuite> <!-- Payment Module -->
