<?xml version="1.0" encoding="UTF-8"?>
<!-- Generated by org.testng.reporters.JUnitXMLReporter -->
<testsuite ignored="0" hostname="DESKTOP-LCFNQTV" failures="2" tests="4" name="Report Module" time="0.024" errors="0" timestamp="2023-08-29T03:25:10 IST">
  <testcase classname="report.Testing" name="test1" time="0.003"/>
  <testcase classname="report.Testing" name="test2" time="0.001">
    <failure type="java.lang.ArithmeticException" message="/ by zero">
      <![CDATA[java.lang.ArithmeticException: / by zero
at report.Testing.test2(Testing.java:63)
at java.base/java.util.ArrayList.forEach(ArrayList.java:1511)
... Removed 27 stack frames]]>
    </failure>
  </testcase> <!-- test2 -->
  <testcase classname="report.Testing2" name="test1" time="0.001"/>
  <testcase classname="report.Testing2" name="test2" time="0.002">
    <failure type="java.lang.ArithmeticException" message="/ by zero">
      <![CDATA[java.lang.ArithmeticException: / by zero
at report.Testing2.test2(Testing2.java:45)
at java.base/java.util.ArrayList.forEach(ArrayList.java:1511)
... Removed 27 stack frames]]>
    </failure>
  </testcase> <!-- test2 -->
</testsuite> <!-- Report Module -->
