<?xml version="1.0" encoding="UTF-8"?>
<!-- Generated by org.testng.reporters.JUnitXMLReporter -->
<testsuite ignored="0" hostname="DESKTOP-LCFNQTV" failures="0" tests="4" name="Default test" time="0.058" errors="0" timestamp="2023-09-14T11:03:47 IST">
  <testcase classname="additionalAnnotations.DataProviderConcept" name="loginTest" time="0.006"/>
  <testcase classname="additionalAnnotations.DataProviderConcept" name="loginTest" time="0.001"/>
  <testcase classname="additionalAnnotations.DataProviderConcept" name="loginTest" time="0.001"/>
  <testcase classname="additionalAnnotations.DataProviderConcept" name="loginTest" time="0.001"/>
</testsuite> <!-- Default test -->
